0 info it worked if it ends with ok
1 verbose cli [ '/Users/natud/.nvm/versions/node/v6.9.1/bin/node',
1 verbose cli   '/Users/natud/.nvm/versions/node/v6.9.1/bin/npm',
1 verbose cli   'install',
1 verbose cli   '-g',
1 verbose cli   'elm',
1 verbose cli   'elm-test@elm-0.19.0',
1 verbose cli   'elm-format' ]
2 info using npm@3.10.8
3 info using node@v6.9.1
4 silly loadCurrentTree Starting
5 silly install loadCurrentTree
6 silly install readGlobalPackageData
7 silly fetchPackageMetaData elm
8 silly fetchPackageMetaData elm-test@elm-0.19.0
9 silly fetchPackageMetaData elm-format
10 silly fetchNamedPackageData elm
11 silly mapToRegistry name elm
12 silly mapToRegistry using default registry
13 silly mapToRegistry registry http://registry.npmjs.org/
14 silly mapToRegistry data Result {
14 silly mapToRegistry   raw: 'elm',
14 silly mapToRegistry   scope: null,
14 silly mapToRegistry   escapedName: 'elm',
14 silly mapToRegistry   name: 'elm',
14 silly mapToRegistry   rawSpec: '',
14 silly mapToRegistry   spec: 'latest',
14 silly mapToRegistry   type: 'tag' }
15 silly mapToRegistry uri http://registry.npmjs.org/elm
16 silly fetchNamedPackageData elm-test
17 silly mapToRegistry name elm-test
18 silly mapToRegistry using default registry
19 silly mapToRegistry registry http://registry.npmjs.org/
20 silly mapToRegistry data Result {
20 silly mapToRegistry   raw: 'elm-test',
20 silly mapToRegistry   scope: null,
20 silly mapToRegistry   escapedName: 'elm-test',
20 silly mapToRegistry   name: 'elm-test',
20 silly mapToRegistry   rawSpec: '',
20 silly mapToRegistry   spec: 'latest',
20 silly mapToRegistry   type: 'tag' }
21 silly mapToRegistry uri http://registry.npmjs.org/elm-test
22 silly fetchNamedPackageData elm-format
23 silly mapToRegistry name elm-format
24 silly mapToRegistry using default registry
25 silly mapToRegistry registry http://registry.npmjs.org/
26 silly mapToRegistry data Result {
26 silly mapToRegistry   raw: 'elm-format',
26 silly mapToRegistry   scope: null,
26 silly mapToRegistry   escapedName: 'elm-format',
26 silly mapToRegistry   name: 'elm-format',
26 silly mapToRegistry   rawSpec: '',
26 silly mapToRegistry   spec: 'latest',
26 silly mapToRegistry   type: 'tag' }
27 silly mapToRegistry uri http://registry.npmjs.org/elm-format
28 verbose request uri http://registry.npmjs.org/elm
29 verbose request no auth needed
30 info attempt registry request try #1 at 5:38:30 PM
31 verbose request id 1a4a90de29a8b7f0
32 verbose etag W/"2e861075c8481dc690c75615ee435c50"
33 verbose lastModified Fri, 14 Sep 2018 22:17:49 GMT
34 http request GET http://registry.npmjs.org/elm
35 verbose request uri http://registry.npmjs.org/elm-format
36 verbose request no auth needed
37 info attempt registry request try #1 at 5:38:30 PM
38 verbose etag W/"d581d242cc99799637794fe27d99edac"
39 verbose lastModified Tue, 02 Oct 2018 06:38:56 GMT
40 http request GET http://registry.npmjs.org/elm-format
41 verbose request uri http://registry.npmjs.org/elm-test
42 verbose request no auth needed
43 info attempt registry request try #1 at 5:38:30 PM
44 verbose etag W/"6f305be44ed39886f753dddd1efcf6ef"
45 verbose lastModified Sat, 27 Oct 2018 00:32:28 GMT
46 http request GET http://registry.npmjs.org/elm-test
47 http 304 http://registry.npmjs.org/elm-format
48 verbose headers { date: 'Tue, 30 Oct 2018 12:09:01 GMT',
48 verbose headers   connection: 'keep-alive',
48 verbose headers   'set-cookie': [ '__cfduid=d2ce52701d22d6c7e966ec60c2d5447351540901341; expires=Wed, 30-Oct-19 12:09:01 GMT; path=/; domain=.registry.npmjs.org; HttpOnly' ],
48 verbose headers   'cf-cache-status': 'HIT',
48 verbose headers   'cache-control': 'max-age=300',
48 verbose headers   'cf-ray': '471dc546c5798a73-BOM',
48 verbose headers   etag: '"d581d242cc99799637794fe27d99edac"',
48 verbose headers   'expect-ct': 'max-age=604800, report-uri="https://report-uri.cloudflare.com/cdn-cgi/beacon/expect-ct"',
48 verbose headers   'last-modified': 'Tue, 02 Oct 2018 06:38:56 GMT',
48 verbose headers   vary: 'accept-encoding, accept',
48 verbose headers   'x-amz-meta-rev': '29-e27e14617921d217971ce0feb95072a3',
48 verbose headers   server: 'cloudflare' }
49 silly get cb [ 304,
49 silly get   { date: 'Tue, 30 Oct 2018 12:09:01 GMT',
49 silly get     connection: 'keep-alive',
49 silly get     'set-cookie': [ '__cfduid=d2ce52701d22d6c7e966ec60c2d5447351540901341; expires=Wed, 30-Oct-19 12:09:01 GMT; path=/; domain=.registry.npmjs.org; HttpOnly' ],
49 silly get     'cf-cache-status': 'HIT',
49 silly get     'cache-control': 'max-age=300',
49 silly get     'cf-ray': '471dc546c5798a73-BOM',
49 silly get     etag: '"d581d242cc99799637794fe27d99edac"',
49 silly get     'expect-ct': 'max-age=604800, report-uri="https://report-uri.cloudflare.com/cdn-cgi/beacon/expect-ct"',
49 silly get     'last-modified': 'Tue, 02 Oct 2018 06:38:56 GMT',
49 silly get     vary: 'accept-encoding, accept',
49 silly get     'x-amz-meta-rev': '29-e27e14617921d217971ce0feb95072a3',
49 silly get     server: 'cloudflare' } ]
50 verbose etag http://registry.npmjs.org/elm-format from cache
51 verbose get saving elm-format to /Users/natud/.npm/registry.npmjs.org/elm-format/.cache.json
52 verbose correctMkdir /Users/natud/.npm correctMkdir not in flight; initializing
53 http 304 http://registry.npmjs.org/elm-test
54 verbose headers { date: 'Tue, 30 Oct 2018 12:09:01 GMT',
54 verbose headers   connection: 'keep-alive',
54 verbose headers   'set-cookie': [ '__cfduid=d94ed1e12e2d788bfeb6d5f946ac3e1391540901341; expires=Wed, 30-Oct-19 12:09:01 GMT; path=/; domain=.registry.npmjs.org; HttpOnly' ],
54 verbose headers   'cf-cache-status': 'HIT',
54 verbose headers   'cache-control': 'max-age=300',
54 verbose headers   'cf-ray': '471dc546d1988a4f-BOM',
54 verbose headers   etag: '"6f305be44ed39886f753dddd1efcf6ef"',
54 verbose headers   'expect-ct': 'max-age=604800, report-uri="https://report-uri.cloudflare.com/cdn-cgi/beacon/expect-ct"',
54 verbose headers   'last-modified': 'Sat, 27 Oct 2018 00:32:28 GMT',
54 verbose headers   vary: 'accept-encoding, accept',
54 verbose headers   'x-amz-meta-rev': '112-839c40bacbf984eda23db5f2c963ddf2',
54 verbose headers   server: 'cloudflare' }
55 silly get cb [ 304,
55 silly get   { date: 'Tue, 30 Oct 2018 12:09:01 GMT',
55 silly get     connection: 'keep-alive',
55 silly get     'set-cookie': [ '__cfduid=d94ed1e12e2d788bfeb6d5f946ac3e1391540901341; expires=Wed, 30-Oct-19 12:09:01 GMT; path=/; domain=.registry.npmjs.org; HttpOnly' ],
55 silly get     'cf-cache-status': 'HIT',
55 silly get     'cache-control': 'max-age=300',
55 silly get     'cf-ray': '471dc546d1988a4f-BOM',
55 silly get     etag: '"6f305be44ed39886f753dddd1efcf6ef"',
55 silly get     'expect-ct': 'max-age=604800, report-uri="https://report-uri.cloudflare.com/cdn-cgi/beacon/expect-ct"',
55 silly get     'last-modified': 'Sat, 27 Oct 2018 00:32:28 GMT',
55 silly get     vary: 'accept-encoding, accept',
55 silly get     'x-amz-meta-rev': '112-839c40bacbf984eda23db5f2c963ddf2',
55 silly get     server: 'cloudflare' } ]
56 verbose etag http://registry.npmjs.org/elm-test from cache
57 verbose get saving elm-test to /Users/natud/.npm/registry.npmjs.org/elm-test/.cache.json
58 verbose correctMkdir /Users/natud/.npm correctMkdir already in flight; waiting
59 silly fetchNamedPackageData No valid target from cache, forcing network
60 verbose request uri http://registry.npmjs.org/elm-test
61 verbose request no auth needed
62 info attempt registry request try #1 at 5:38:30 PM
63 http request GET http://registry.npmjs.org/elm-test
64 http 200 http://registry.npmjs.org/elm-test
65 verbose headers { date: 'Tue, 30 Oct 2018 12:09:01 GMT',
65 verbose headers   'content-type': 'application/json',
65 verbose headers   'transfer-encoding': 'chunked',
65 verbose headers   connection: 'keep-alive',
65 verbose headers   'set-cookie': [ '__cfduid=d2ce52701d22d6c7e966ec60c2d5447351540901341; expires=Wed, 30-Oct-19 12:09:01 GMT; path=/; domain=.registry.npmjs.org; HttpOnly' ],
65 verbose headers   'cf-cache-status': 'HIT',
65 verbose headers   'cache-control': 'max-age=300',
65 verbose headers   'cf-ray': '471dc54745ac8a73-BOM',
65 verbose headers   etag: 'W/"6f305be44ed39886f753dddd1efcf6ef"',
65 verbose headers   'expect-ct': 'max-age=604800, report-uri="https://report-uri.cloudflare.com/cdn-cgi/beacon/expect-ct"',
65 verbose headers   'last-modified': 'Sat, 27 Oct 2018 00:32:28 GMT',
65 verbose headers   vary: 'accept-encoding, accept',
65 verbose headers   'x-amz-meta-rev': '112-839c40bacbf984eda23db5f2c963ddf2',
65 verbose headers   server: 'cloudflare',
65 verbose headers   'content-encoding': 'gzip' }
66 silly get cb [ 200,
66 silly get   { date: 'Tue, 30 Oct 2018 12:09:01 GMT',
66 silly get     'content-type': 'application/json',
66 silly get     'transfer-encoding': 'chunked',
66 silly get     connection: 'keep-alive',
66 silly get     'set-cookie': [ '__cfduid=d2ce52701d22d6c7e966ec60c2d5447351540901341; expires=Wed, 30-Oct-19 12:09:01 GMT; path=/; domain=.registry.npmjs.org; HttpOnly' ],
66 silly get     'cf-cache-status': 'HIT',
66 silly get     'cache-control': 'max-age=300',
66 silly get     'cf-ray': '471dc54745ac8a73-BOM',
66 silly get     etag: 'W/"6f305be44ed39886f753dddd1efcf6ef"',
66 silly get     'expect-ct': 'max-age=604800, report-uri="https://report-uri.cloudflare.com/cdn-cgi/beacon/expect-ct"',
66 silly get     'last-modified': 'Sat, 27 Oct 2018 00:32:28 GMT',
66 silly get     vary: 'accept-encoding, accept',
66 silly get     'x-amz-meta-rev': '112-839c40bacbf984eda23db5f2c963ddf2',
66 silly get     server: 'cloudflare',
66 silly get     'content-encoding': 'gzip' } ]
67 verbose get saving elm-test to /Users/natud/.npm/registry.npmjs.org/elm-test/.cache.json
68 verbose correctMkdir /Users/natud/.npm correctMkdir not in flight; initializing
69 silly fetchPackageMetaData Error: No compatible version found: elm-test@elm-0.19.0
69 silly fetchPackageMetaData Valid install targets:
69 silly fetchPackageMetaData 0.19.0-beta9, 0.19.0-beta8, 0.19.0-beta7, 0.19.0-beta6, 0.19.0-beta5, 0.19.0-beta4, 0.19.0-beta3, 0.19.0-beta2, 0.19.0-beta11, 0.19.0-beta10, 0.19.0-beta1, 0.18.13-beta4, 0.18.13-beta3, 0.18.13-beta2, 0.18.13-beta, 0.18.12, 0.18.12-beta, 0.18.11, 0.18.10, 0.18.10-beta1, 0.18.9, 0.18.9-beta8, 0.18.9-beta7, 0.18.9-beta6, 0.18.9-beta5, 0.18.9-beta4, 0.18.9-beta3, 0.18.9-beta2, 0.18.9-beta1, 0.18.8, 0.18.8-beta9, 0.18.8-beta8, 0.18.8-beta7, 0.18.8-beta6, 0.18.8-beta5, 0.18.8-beta4, 0.18.8-beta3, 0.18.8-beta2, 0.18.8-beta12, 0.18.8-beta11, 0.18.8-beta10, 0.18.8-beta, 0.18.7, 0.18.6, 0.18.5, 0.18.4, 0.18.3, 0.18.3-beta9, 0.18.3-beta8, 0.18.3-beta7, 0.18.3-beta6, 0.18.3-beta5, 0.18.3-beta4, 0.18.3-beta3, 0.18.3-beta2, 0.18.3-beta17, 0.18.3-beta16, 0.18.3-beta15, 0.18.3-beta14, 0.18.3-beta13, 0.18.3-beta12, 0.18.3-beta11, 0.18.3-beta10, 0.18.3-beta, 0.18.2, 0.18.1, 0.18.0, 0.18.0-alpha, 0.17.3, 0.17.2, 0.17.1, 0.17.0-alpha, 0.16.1-alpha4, 0.16.1-alpha3, 0.16.1-alpha2, 0.16.1-alpha, 0.16.0, 0.16.0-patch1, 0.16.0-beta2, 0.16.0-beta, 0.6.5, 0.6.4, 0.6.3, 0.6.2, 0.6.1, 0.6.0, 0.5.0, 0.4.1, 0.4.0, 0.3.0, 0.2.0, 0.1.0
69 silly fetchPackageMetaData
69 silly fetchPackageMetaData     at pickVersionFromRegistryDocument (/Users/natud/.nvm/versions/node/v6.9.1/lib/node_modules/npm/lib/fetch-package-metadata.js:178:16)
69 silly fetchPackageMetaData     at /Users/natud/.nvm/versions/node/v6.9.1/lib/node_modules/npm/node_modules/iferr/index.js:13:50
69 silly fetchPackageMetaData     at /Users/natud/.nvm/versions/node/v6.9.1/lib/node_modules/npm/lib/utils/pulse-till-done.js:20:8
69 silly fetchPackageMetaData     at saved (/Users/natud/.nvm/versions/node/v6.9.1/lib/node_modules/npm/lib/cache/caching-client.js:174:7)
69 silly fetchPackageMetaData     at /Users/natud/.nvm/versions/node/v6.9.1/lib/node_modules/npm/node_modules/graceful-fs/polyfills.js:233:18
69 silly fetchPackageMetaData     at FSReqWrap.oncomplete (fs.js:123:15)
69 silly fetchPackageMetaData  error for elm-test@elm-0.19.0 { Error: No compatible version found: elm-test@elm-0.19.0
69 silly fetchPackageMetaData Valid install targets:
69 silly fetchPackageMetaData 0.19.0-beta9, 0.19.0-beta8, 0.19.0-beta7, 0.19.0-beta6, 0.19.0-beta5, 0.19.0-beta4, 0.19.0-beta3, 0.19.0-beta2, 0.19.0-beta11, 0.19.0-beta10, 0.19.0-beta1, 0.18.13-beta4, 0.18.13-beta3, 0.18.13-beta2, 0.18.13-beta, 0.18.12, 0.18.12-beta, 0.18.11, 0.18.10, 0.18.10-beta1, 0.18.9, 0.18.9-beta8, 0.18.9-beta7, 0.18.9-beta6, 0.18.9-beta5, 0.18.9-beta4, 0.18.9-beta3, 0.18.9-beta2, 0.18.9-beta1, 0.18.8, 0.18.8-beta9, 0.18.8-beta8, 0.18.8-beta7, 0.18.8-beta6, 0.18.8-beta5, 0.18.8-beta4, 0.18.8-beta3, 0.18.8-beta2, 0.18.8-beta12, 0.18.8-beta11, 0.18.8-beta10, 0.18.8-beta, 0.18.7, 0.18.6, 0.18.5, 0.18.4, 0.18.3, 0.18.3-beta9, 0.18.3-beta8, 0.18.3-beta7, 0.18.3-beta6, 0.18.3-beta5, 0.18.3-beta4, 0.18.3-beta3, 0.18.3-beta2, 0.18.3-beta17, 0.18.3-beta16, 0.18.3-beta15, 0.18.3-beta14, 0.18.3-beta13, 0.18.3-beta12, 0.18.3-beta11, 0.18.3-beta10, 0.18.3-beta, 0.18.2, 0.18.1, 0.18.0, 0.18.0-alpha, 0.17.3, 0.17.2, 0.17.1, 0.17.0-alpha, 0.16.1-alpha4, 0.16.1-alpha3, 0.16.1-alpha2, 0.16.1-alpha, 0.16.0, 0.16.0-patch1, 0.16.0-beta2, 0.16.0-beta, 0.6.5, 0.6.4, 0.6.3, 0.6.2, 0.6.1, 0.6.0, 0.5.0, 0.4.1, 0.4.0, 0.3.0, 0.2.0, 0.1.0
69 silly fetchPackageMetaData
69 silly fetchPackageMetaData     at pickVersionFromRegistryDocument (/Users/natud/.nvm/versions/node/v6.9.1/lib/node_modules/npm/lib/fetch-package-metadata.js:178:16)
69 silly fetchPackageMetaData     at /Users/natud/.nvm/versions/node/v6.9.1/lib/node_modules/npm/node_modules/iferr/index.js:13:50
69 silly fetchPackageMetaData     at /Users/natud/.nvm/versions/node/v6.9.1/lib/node_modules/npm/lib/utils/pulse-till-done.js:20:8
69 silly fetchPackageMetaData     at saved (/Users/natud/.nvm/versions/node/v6.9.1/lib/node_modules/npm/lib/cache/caching-client.js:174:7)
69 silly fetchPackageMetaData     at /Users/natud/.nvm/versions/node/v6.9.1/lib/node_modules/npm/node_modules/graceful-fs/polyfills.js:233:18
69 silly fetchPackageMetaData     at FSReqWrap.oncomplete (fs.js:123:15) code: 'ETARGET' }
70 http 304 http://registry.npmjs.org/elm
71 verbose headers { date: 'Tue, 30 Oct 2018 12:09:01 GMT',
71 verbose headers   connection: 'keep-alive',
71 verbose headers   'set-cookie': [ '__cfduid=d11a6a8372568e23541fb0f44a632f98e1540901341; expires=Wed, 30-Oct-19 12:09:01 GMT; path=/; domain=.registry.npmjs.org; HttpOnly' ],
71 verbose headers   'cf-cache-status': 'HIT',
71 verbose headers   'cache-control': 'max-age=300',
71 verbose headers   'cf-ray': '471dc546c4c28a7f-BOM',
71 verbose headers   etag: '"2e861075c8481dc690c75615ee435c50"',
71 verbose headers   'expect-ct': 'max-age=604800, report-uri="https://report-uri.cloudflare.com/cdn-cgi/beacon/expect-ct"',
71 verbose headers   'last-modified': 'Fri, 14 Sep 2018 22:17:49 GMT',
71 verbose headers   vary: 'accept-encoding, accept',
71 verbose headers   'x-amz-meta-rev': '125-ec5714d4485a59fe9d43843d745d0948',
71 verbose headers   server: 'cloudflare' }
72 silly get cb [ 304,
72 silly get   { date: 'Tue, 30 Oct 2018 12:09:01 GMT',
72 silly get     connection: 'keep-alive',
72 silly get     'set-cookie': [ '__cfduid=d11a6a8372568e23541fb0f44a632f98e1540901341; expires=Wed, 30-Oct-19 12:09:01 GMT; path=/; domain=.registry.npmjs.org; HttpOnly' ],
72 silly get     'cf-cache-status': 'HIT',
72 silly get     'cache-control': 'max-age=300',
72 silly get     'cf-ray': '471dc546c4c28a7f-BOM',
72 silly get     etag: '"2e861075c8481dc690c75615ee435c50"',
72 silly get     'expect-ct': 'max-age=604800, report-uri="https://report-uri.cloudflare.com/cdn-cgi/beacon/expect-ct"',
72 silly get     'last-modified': 'Fri, 14 Sep 2018 22:17:49 GMT',
72 silly get     vary: 'accept-encoding, accept',
72 silly get     'x-amz-meta-rev': '125-ec5714d4485a59fe9d43843d745d0948',
72 silly get     server: 'cloudflare' } ]
73 verbose etag http://registry.npmjs.org/elm from cache
74 verbose get saving elm to /Users/natud/.npm/registry.npmjs.org/elm/.cache.json
75 verbose correctMkdir /Users/natud/.npm correctMkdir not in flight; initializing
76 silly rollbackFailedOptional Starting
77 silly rollbackFailedOptional Finishing
78 silly runTopLevelLifecycles Finishing
79 silly install printInstalled
80 verbose stack Error: No compatible version found: elm-test@elm-0.19.0
80 verbose stack Valid install targets:
80 verbose stack 0.19.0-beta9, 0.19.0-beta8, 0.19.0-beta7, 0.19.0-beta6, 0.19.0-beta5, 0.19.0-beta4, 0.19.0-beta3, 0.19.0-beta2, 0.19.0-beta11, 0.19.0-beta10, 0.19.0-beta1, 0.18.13-beta4, 0.18.13-beta3, 0.18.13-beta2, 0.18.13-beta, 0.18.12, 0.18.12-beta, 0.18.11, 0.18.10, 0.18.10-beta1, 0.18.9, 0.18.9-beta8, 0.18.9-beta7, 0.18.9-beta6, 0.18.9-beta5, 0.18.9-beta4, 0.18.9-beta3, 0.18.9-beta2, 0.18.9-beta1, 0.18.8, 0.18.8-beta9, 0.18.8-beta8, 0.18.8-beta7, 0.18.8-beta6, 0.18.8-beta5, 0.18.8-beta4, 0.18.8-beta3, 0.18.8-beta2, 0.18.8-beta12, 0.18.8-beta11, 0.18.8-beta10, 0.18.8-beta, 0.18.7, 0.18.6, 0.18.5, 0.18.4, 0.18.3, 0.18.3-beta9, 0.18.3-beta8, 0.18.3-beta7, 0.18.3-beta6, 0.18.3-beta5, 0.18.3-beta4, 0.18.3-beta3, 0.18.3-beta2, 0.18.3-beta17, 0.18.3-beta16, 0.18.3-beta15, 0.18.3-beta14, 0.18.3-beta13, 0.18.3-beta12, 0.18.3-beta11, 0.18.3-beta10, 0.18.3-beta, 0.18.2, 0.18.1, 0.18.0, 0.18.0-alpha, 0.17.3, 0.17.2, 0.17.1, 0.17.0-alpha, 0.16.1-alpha4, 0.16.1-alpha3, 0.16.1-alpha2, 0.16.1-alpha, 0.16.0, 0.16.0-patch1, 0.16.0-beta2, 0.16.0-beta, 0.6.5, 0.6.4, 0.6.3, 0.6.2, 0.6.1, 0.6.0, 0.5.0, 0.4.1, 0.4.0, 0.3.0, 0.2.0, 0.1.0
80 verbose stack
80 verbose stack     at pickVersionFromRegistryDocument (/Users/natud/.nvm/versions/node/v6.9.1/lib/node_modules/npm/lib/fetch-package-metadata.js:178:16)
80 verbose stack     at /Users/natud/.nvm/versions/node/v6.9.1/lib/node_modules/npm/node_modules/iferr/index.js:13:50
80 verbose stack     at /Users/natud/.nvm/versions/node/v6.9.1/lib/node_modules/npm/lib/utils/pulse-till-done.js:20:8
80 verbose stack     at saved (/Users/natud/.nvm/versions/node/v6.9.1/lib/node_modules/npm/lib/cache/caching-client.js:174:7)
80 verbose stack     at /Users/natud/.nvm/versions/node/v6.9.1/lib/node_modules/npm/node_modules/graceful-fs/polyfills.js:233:18
80 verbose stack     at FSReqWrap.oncomplete (fs.js:123:15)
81 verbose cwd /Users/natud/Documents/personal-workspace/elm-practice/elm-intro/elm-0.19-workshop.git/trunk/intro/part1
82 error Darwin 17.5.0
83 error argv "/Users/natud/.nvm/versions/node/v6.9.1/bin/node" "/Users/natud/.nvm/versions/node/v6.9.1/bin/npm" "install" "-g" "elm" "elm-test@elm-0.19.0" "elm-format"
84 error node v6.9.1
85 error npm  v3.10.8
86 error code ETARGET
87 error notarget No compatible version found: elm-test@elm-0.19.0
87 error notarget Valid install targets:
87 error notarget 0.19.0-beta9, 0.19.0-beta8, 0.19.0-beta7, 0.19.0-beta6, 0.19.0-beta5, 0.19.0-beta4, 0.19.0-beta3, 0.19.0-beta2, 0.19.0-beta11, 0.19.0-beta10, 0.19.0-beta1, 0.18.13-beta4, 0.18.13-beta3, 0.18.13-beta2, 0.18.13-beta, 0.18.12, 0.18.12-beta, 0.18.11, 0.18.10, 0.18.10-beta1, 0.18.9, 0.18.9-beta8, 0.18.9-beta7, 0.18.9-beta6, 0.18.9-beta5, 0.18.9-beta4, 0.18.9-beta3, 0.18.9-beta2, 0.18.9-beta1, 0.18.8, 0.18.8-beta9, 0.18.8-beta8, 0.18.8-beta7, 0.18.8-beta6, 0.18.8-beta5, 0.18.8-beta4, 0.18.8-beta3, 0.18.8-beta2, 0.18.8-beta12, 0.18.8-beta11, 0.18.8-beta10, 0.18.8-beta, 0.18.7, 0.18.6, 0.18.5, 0.18.4, 0.18.3, 0.18.3-beta9, 0.18.3-beta8, 0.18.3-beta7, 0.18.3-beta6, 0.18.3-beta5, 0.18.3-beta4, 0.18.3-beta3, 0.18.3-beta2, 0.18.3-beta17, 0.18.3-beta16, 0.18.3-beta15, 0.18.3-beta14, 0.18.3-beta13, 0.18.3-beta12, 0.18.3-beta11, 0.18.3-beta10, 0.18.3-beta, 0.18.2, 0.18.1, 0.18.0, 0.18.0-alpha, 0.17.3, 0.17.2, 0.17.1, 0.17.0-alpha, 0.16.1-alpha4, 0.16.1-alpha3, 0.16.1-alpha2, 0.16.1-alpha, 0.16.0, 0.16.0-patch1, 0.16.0-beta2, 0.16.0-beta, 0.6.5, 0.6.4, 0.6.3, 0.6.2, 0.6.1, 0.6.0, 0.5.0, 0.4.1, 0.4.0, 0.3.0, 0.2.0, 0.1.0
88 error notarget This is most likely not a problem with npm itself.
88 error notarget In most cases you or one of your dependencies are requesting
88 error notarget a package version that doesn't exist.
89 verbose exit [ 1, true ]
