0 info it worked if it ends with ok
1 verbose cli [ '/Users/natud/.nvm/versions/node/v6.9.1/bin/node',
1 verbose cli   '/Users/natud/.nvm/versions/node/v6.9.1/bin/npm',
1 verbose cli   'install',
1 verbose cli   '-g',
1 verbose cli   'elm',
1 verbose cli   'elm-test@elm-0.19.0',
1 verbose cli   'elm-format' ]
2 info using npm@3.10.8
3 info using node@v6.9.1
4 silly loadCurrentTree Starting
5 silly install loadCurrentTree
6 silly install readGlobalPackageData
7 silly fetchPackageMetaData elm
8 silly fetchPackageMetaData elm-test@elm-0.19.0
9 silly fetchPackageMetaData elm-format
10 silly fetchNamedPackageData elm
11 silly mapToRegistry name elm
12 silly mapToRegistry using default registry
13 silly mapToRegistry registry http://registry.npmjs.org/
14 silly mapToRegistry data Result {
14 silly mapToRegistry   raw: 'elm',
14 silly mapToRegistry   scope: null,
14 silly mapToRegistry   escapedName: 'elm',
14 silly mapToRegistry   name: 'elm',
14 silly mapToRegistry   rawSpec: '',
14 silly mapToRegistry   spec: 'latest',
14 silly mapToRegistry   type: 'tag' }
15 silly mapToRegistry uri http://registry.npmjs.org/elm
16 silly fetchNamedPackageData elm-test
17 silly mapToRegistry name elm-test
18 silly mapToRegistry using default registry
19 silly mapToRegistry registry http://registry.npmjs.org/
20 silly mapToRegistry data Result {
20 silly mapToRegistry   raw: 'elm-test',
20 silly mapToRegistry   scope: null,
20 silly mapToRegistry   escapedName: 'elm-test',
20 silly mapToRegistry   name: 'elm-test',
20 silly mapToRegistry   rawSpec: '',
20 silly mapToRegistry   spec: 'latest',
20 silly mapToRegistry   type: 'tag' }
21 silly mapToRegistry uri http://registry.npmjs.org/elm-test
22 silly fetchNamedPackageData elm-format
23 silly mapToRegistry name elm-format
24 silly mapToRegistry using default registry
25 silly mapToRegistry registry http://registry.npmjs.org/
26 silly mapToRegistry data Result {
26 silly mapToRegistry   raw: 'elm-format',
26 silly mapToRegistry   scope: null,
26 silly mapToRegistry   escapedName: 'elm-format',
26 silly mapToRegistry   name: 'elm-format',
26 silly mapToRegistry   rawSpec: '',
26 silly mapToRegistry   spec: 'latest',
26 silly mapToRegistry   type: 'tag' }
27 silly mapToRegistry uri http://registry.npmjs.org/elm-format
28 verbose request uri http://registry.npmjs.org/elm-format
29 verbose request no auth needed
30 info attempt registry request try #1 at 5:35:37 PM
31 verbose request id d4f60a55083c24e3
32 http request GET http://registry.npmjs.org/elm-format
33 verbose request uri http://registry.npmjs.org/elm-test
34 verbose request no auth needed
35 info attempt registry request try #1 at 5:35:37 PM
36 http request GET http://registry.npmjs.org/elm-test
37 verbose request uri http://registry.npmjs.org/elm
38 verbose request no auth needed
39 info attempt registry request try #1 at 5:35:37 PM
40 http request GET http://registry.npmjs.org/elm
41 http 200 http://registry.npmjs.org/elm-format
42 verbose headers { date: 'Tue, 30 Oct 2018 12:06:09 GMT',
42 verbose headers   'content-type': 'application/json',
42 verbose headers   'transfer-encoding': 'chunked',
42 verbose headers   connection: 'keep-alive',
42 verbose headers   'set-cookie': [ '__cfduid=d44d2e62dcb74580cc86c43d69b0f7b501540901168; expires=Wed, 30-Oct-19 12:06:08 GMT; path=/; domain=.registry.npmjs.org; HttpOnly' ],
42 verbose headers   'cf-cache-status': 'REVALIDATED',
42 verbose headers   'cache-control': 'max-age=300',
42 verbose headers   'cf-ray': '471dc10de7c68a7f-BOM',
42 verbose headers   etag: 'W/"d581d242cc99799637794fe27d99edac"',
42 verbose headers   'expect-ct': 'max-age=604800, report-uri="https://report-uri.cloudflare.com/cdn-cgi/beacon/expect-ct"',
42 verbose headers   'last-modified': 'Tue, 02 Oct 2018 06:38:56 GMT',
42 verbose headers   vary: 'accept-encoding, accept',
42 verbose headers   'x-amz-meta-rev': '29-e27e14617921d217971ce0feb95072a3',
42 verbose headers   server: 'cloudflare',
42 verbose headers   'content-encoding': 'gzip' }
43 silly get cb [ 200,
43 silly get   { date: 'Tue, 30 Oct 2018 12:06:09 GMT',
43 silly get     'content-type': 'application/json',
43 silly get     'transfer-encoding': 'chunked',
43 silly get     connection: 'keep-alive',
43 silly get     'set-cookie': [ '__cfduid=d44d2e62dcb74580cc86c43d69b0f7b501540901168; expires=Wed, 30-Oct-19 12:06:08 GMT; path=/; domain=.registry.npmjs.org; HttpOnly' ],
43 silly get     'cf-cache-status': 'REVALIDATED',
43 silly get     'cache-control': 'max-age=300',
43 silly get     'cf-ray': '471dc10de7c68a7f-BOM',
43 silly get     etag: 'W/"d581d242cc99799637794fe27d99edac"',
43 silly get     'expect-ct': 'max-age=604800, report-uri="https://report-uri.cloudflare.com/cdn-cgi/beacon/expect-ct"',
43 silly get     'last-modified': 'Tue, 02 Oct 2018 06:38:56 GMT',
43 silly get     vary: 'accept-encoding, accept',
43 silly get     'x-amz-meta-rev': '29-e27e14617921d217971ce0feb95072a3',
43 silly get     server: 'cloudflare',
43 silly get     'content-encoding': 'gzip' } ]
44 verbose get saving elm-format to /Users/natud/.npm/registry.npmjs.org/elm-format/.cache.json
45 verbose correctMkdir /Users/natud/.npm correctMkdir not in flight; initializing
46 http 200 http://registry.npmjs.org/elm-test
47 verbose headers { date: 'Tue, 30 Oct 2018 12:06:10 GMT',
47 verbose headers   'content-type': 'application/json',
47 verbose headers   'transfer-encoding': 'chunked',
47 verbose headers   connection: 'keep-alive',
47 verbose headers   'set-cookie': [ '__cfduid=d54bebd546046d749d3c75ecc05b283031540901168; expires=Wed, 30-Oct-19 12:06:08 GMT; path=/; domain=.registry.npmjs.org; HttpOnly' ],
47 verbose headers   'cf-cache-status': 'MISS',
47 verbose headers   'cache-control': 'max-age=300',
47 verbose headers   'cf-ray': '471dc10dd2cc8a8b-BOM',
47 verbose headers   etag: 'W/"6f305be44ed39886f753dddd1efcf6ef"',
47 verbose headers   'expect-ct': 'max-age=604800, report-uri="https://report-uri.cloudflare.com/cdn-cgi/beacon/expect-ct"',
47 verbose headers   'last-modified': 'Sat, 27 Oct 2018 00:32:28 GMT',
47 verbose headers   vary: 'accept-encoding, accept',
47 verbose headers   'x-amz-meta-rev': '112-839c40bacbf984eda23db5f2c963ddf2',
47 verbose headers   server: 'cloudflare',
47 verbose headers   'content-encoding': 'gzip' }
48 silly get cb [ 200,
48 silly get   { date: 'Tue, 30 Oct 2018 12:06:10 GMT',
48 silly get     'content-type': 'application/json',
48 silly get     'transfer-encoding': 'chunked',
48 silly get     connection: 'keep-alive',
48 silly get     'set-cookie': [ '__cfduid=d54bebd546046d749d3c75ecc05b283031540901168; expires=Wed, 30-Oct-19 12:06:08 GMT; path=/; domain=.registry.npmjs.org; HttpOnly' ],
48 silly get     'cf-cache-status': 'MISS',
48 silly get     'cache-control': 'max-age=300',
48 silly get     'cf-ray': '471dc10dd2cc8a8b-BOM',
48 silly get     etag: 'W/"6f305be44ed39886f753dddd1efcf6ef"',
48 silly get     'expect-ct': 'max-age=604800, report-uri="https://report-uri.cloudflare.com/cdn-cgi/beacon/expect-ct"',
48 silly get     'last-modified': 'Sat, 27 Oct 2018 00:32:28 GMT',
48 silly get     vary: 'accept-encoding, accept',
48 silly get     'x-amz-meta-rev': '112-839c40bacbf984eda23db5f2c963ddf2',
48 silly get     server: 'cloudflare',
48 silly get     'content-encoding': 'gzip' } ]
49 verbose get saving elm-test to /Users/natud/.npm/registry.npmjs.org/elm-test/.cache.json
50 verbose correctMkdir /Users/natud/.npm correctMkdir not in flight; initializing
51 silly fetchPackageMetaData Error: No compatible version found: elm-test@elm-0.19.0
51 silly fetchPackageMetaData Valid install targets:
51 silly fetchPackageMetaData 0.19.0-beta9, 0.19.0-beta8, 0.19.0-beta7, 0.19.0-beta6, 0.19.0-beta5, 0.19.0-beta4, 0.19.0-beta3, 0.19.0-beta2, 0.19.0-beta11, 0.19.0-beta10, 0.19.0-beta1, 0.18.13-beta4, 0.18.13-beta3, 0.18.13-beta2, 0.18.13-beta, 0.18.12, 0.18.12-beta, 0.18.11, 0.18.10, 0.18.10-beta1, 0.18.9, 0.18.9-beta8, 0.18.9-beta7, 0.18.9-beta6, 0.18.9-beta5, 0.18.9-beta4, 0.18.9-beta3, 0.18.9-beta2, 0.18.9-beta1, 0.18.8, 0.18.8-beta9, 0.18.8-beta8, 0.18.8-beta7, 0.18.8-beta6, 0.18.8-beta5, 0.18.8-beta4, 0.18.8-beta3, 0.18.8-beta2, 0.18.8-beta12, 0.18.8-beta11, 0.18.8-beta10, 0.18.8-beta, 0.18.7, 0.18.6, 0.18.5, 0.18.4, 0.18.3, 0.18.3-beta9, 0.18.3-beta8, 0.18.3-beta7, 0.18.3-beta6, 0.18.3-beta5, 0.18.3-beta4, 0.18.3-beta3, 0.18.3-beta2, 0.18.3-beta17, 0.18.3-beta16, 0.18.3-beta15, 0.18.3-beta14, 0.18.3-beta13, 0.18.3-beta12, 0.18.3-beta11, 0.18.3-beta10, 0.18.3-beta, 0.18.2, 0.18.1, 0.18.0, 0.18.0-alpha, 0.17.3, 0.17.2, 0.17.1, 0.17.0-alpha, 0.16.1-alpha4, 0.16.1-alpha3, 0.16.1-alpha2, 0.16.1-alpha, 0.16.0, 0.16.0-patch1, 0.16.0-beta2, 0.16.0-beta, 0.6.5, 0.6.4, 0.6.3, 0.6.2, 0.6.1, 0.6.0, 0.5.0, 0.4.1, 0.4.0, 0.3.0, 0.2.0, 0.1.0
51 silly fetchPackageMetaData
51 silly fetchPackageMetaData     at pickVersionFromRegistryDocument (/Users/natud/.nvm/versions/node/v6.9.1/lib/node_modules/npm/lib/fetch-package-metadata.js:178:16)
51 silly fetchPackageMetaData     at /Users/natud/.nvm/versions/node/v6.9.1/lib/node_modules/npm/node_modules/iferr/index.js:13:50
51 silly fetchPackageMetaData     at /Users/natud/.nvm/versions/node/v6.9.1/lib/node_modules/npm/lib/utils/pulse-till-done.js:20:8
51 silly fetchPackageMetaData     at saved (/Users/natud/.nvm/versions/node/v6.9.1/lib/node_modules/npm/lib/cache/caching-client.js:174:7)
51 silly fetchPackageMetaData     at /Users/natud/.nvm/versions/node/v6.9.1/lib/node_modules/npm/node_modules/graceful-fs/polyfills.js:233:18
51 silly fetchPackageMetaData     at FSReqWrap.oncomplete (fs.js:123:15)
51 silly fetchPackageMetaData  error for elm-test@elm-0.19.0 { Error: No compatible version found: elm-test@elm-0.19.0
51 silly fetchPackageMetaData Valid install targets:
51 silly fetchPackageMetaData 0.19.0-beta9, 0.19.0-beta8, 0.19.0-beta7, 0.19.0-beta6, 0.19.0-beta5, 0.19.0-beta4, 0.19.0-beta3, 0.19.0-beta2, 0.19.0-beta11, 0.19.0-beta10, 0.19.0-beta1, 0.18.13-beta4, 0.18.13-beta3, 0.18.13-beta2, 0.18.13-beta, 0.18.12, 0.18.12-beta, 0.18.11, 0.18.10, 0.18.10-beta1, 0.18.9, 0.18.9-beta8, 0.18.9-beta7, 0.18.9-beta6, 0.18.9-beta5, 0.18.9-beta4, 0.18.9-beta3, 0.18.9-beta2, 0.18.9-beta1, 0.18.8, 0.18.8-beta9, 0.18.8-beta8, 0.18.8-beta7, 0.18.8-beta6, 0.18.8-beta5, 0.18.8-beta4, 0.18.8-beta3, 0.18.8-beta2, 0.18.8-beta12, 0.18.8-beta11, 0.18.8-beta10, 0.18.8-beta, 0.18.7, 0.18.6, 0.18.5, 0.18.4, 0.18.3, 0.18.3-beta9, 0.18.3-beta8, 0.18.3-beta7, 0.18.3-beta6, 0.18.3-beta5, 0.18.3-beta4, 0.18.3-beta3, 0.18.3-beta2, 0.18.3-beta17, 0.18.3-beta16, 0.18.3-beta15, 0.18.3-beta14, 0.18.3-beta13, 0.18.3-beta12, 0.18.3-beta11, 0.18.3-beta10, 0.18.3-beta, 0.18.2, 0.18.1, 0.18.0, 0.18.0-alpha, 0.17.3, 0.17.2, 0.17.1, 0.17.0-alpha, 0.16.1-alpha4, 0.16.1-alpha3, 0.16.1-alpha2, 0.16.1-alpha, 0.16.0, 0.16.0-patch1, 0.16.0-beta2, 0.16.0-beta, 0.6.5, 0.6.4, 0.6.3, 0.6.2, 0.6.1, 0.6.0, 0.5.0, 0.4.1, 0.4.0, 0.3.0, 0.2.0, 0.1.0
51 silly fetchPackageMetaData
51 silly fetchPackageMetaData     at pickVersionFromRegistryDocument (/Users/natud/.nvm/versions/node/v6.9.1/lib/node_modules/npm/lib/fetch-package-metadata.js:178:16)
51 silly fetchPackageMetaData     at /Users/natud/.nvm/versions/node/v6.9.1/lib/node_modules/npm/node_modules/iferr/index.js:13:50
51 silly fetchPackageMetaData     at /Users/natud/.nvm/versions/node/v6.9.1/lib/node_modules/npm/lib/utils/pulse-till-done.js:20:8
51 silly fetchPackageMetaData     at saved (/Users/natud/.nvm/versions/node/v6.9.1/lib/node_modules/npm/lib/cache/caching-client.js:174:7)
51 silly fetchPackageMetaData     at /Users/natud/.nvm/versions/node/v6.9.1/lib/node_modules/npm/node_modules/graceful-fs/polyfills.js:233:18
51 silly fetchPackageMetaData     at FSReqWrap.oncomplete (fs.js:123:15) code: 'ETARGET' }
52 http 200 http://registry.npmjs.org/elm
53 verbose headers { date: 'Tue, 30 Oct 2018 12:06:11 GMT',
53 verbose headers   'content-type': 'application/json',
53 verbose headers   'transfer-encoding': 'chunked',
53 verbose headers   connection: 'keep-alive',
53 verbose headers   'set-cookie': [ '__cfduid=db9a851c76769a6d24f043e4beb946e201540901168; expires=Wed, 30-Oct-19 12:06:08 GMT; path=/; domain=.registry.npmjs.org; HttpOnly' ],
53 verbose headers   'cf-cache-status': 'REVALIDATED',
53 verbose headers   'cache-control': 'max-age=300',
53 verbose headers   'cf-ray': '471dc10de3d98a79-BOM',
53 verbose headers   etag: 'W/"2e861075c8481dc690c75615ee435c50"',
53 verbose headers   'expect-ct': 'max-age=604800, report-uri="https://report-uri.cloudflare.com/cdn-cgi/beacon/expect-ct"',
53 verbose headers   'last-modified': 'Fri, 14 Sep 2018 22:17:49 GMT',
53 verbose headers   vary: 'accept-encoding, accept',
53 verbose headers   'x-amz-meta-rev': '125-ec5714d4485a59fe9d43843d745d0948',
53 verbose headers   server: 'cloudflare',
53 verbose headers   'content-encoding': 'gzip' }
54 silly get cb [ 200,
54 silly get   { date: 'Tue, 30 Oct 2018 12:06:11 GMT',
54 silly get     'content-type': 'application/json',
54 silly get     'transfer-encoding': 'chunked',
54 silly get     connection: 'keep-alive',
54 silly get     'set-cookie': [ '__cfduid=db9a851c76769a6d24f043e4beb946e201540901168; expires=Wed, 30-Oct-19 12:06:08 GMT; path=/; domain=.registry.npmjs.org; HttpOnly' ],
54 silly get     'cf-cache-status': 'REVALIDATED',
54 silly get     'cache-control': 'max-age=300',
54 silly get     'cf-ray': '471dc10de3d98a79-BOM',
54 silly get     etag: 'W/"2e861075c8481dc690c75615ee435c50"',
54 silly get     'expect-ct': 'max-age=604800, report-uri="https://report-uri.cloudflare.com/cdn-cgi/beacon/expect-ct"',
54 silly get     'last-modified': 'Fri, 14 Sep 2018 22:17:49 GMT',
54 silly get     vary: 'accept-encoding, accept',
54 silly get     'x-amz-meta-rev': '125-ec5714d4485a59fe9d43843d745d0948',
54 silly get     server: 'cloudflare',
54 silly get     'content-encoding': 'gzip' } ]
55 verbose get saving elm to /Users/natud/.npm/registry.npmjs.org/elm/.cache.json
56 verbose correctMkdir /Users/natud/.npm correctMkdir not in flight; initializing
57 silly rollbackFailedOptional Starting
58 silly rollbackFailedOptional Finishing
59 silly runTopLevelLifecycles Finishing
60 silly install printInstalled
61 verbose stack Error: No compatible version found: elm-test@elm-0.19.0
61 verbose stack Valid install targets:
61 verbose stack 0.19.0-beta9, 0.19.0-beta8, 0.19.0-beta7, 0.19.0-beta6, 0.19.0-beta5, 0.19.0-beta4, 0.19.0-beta3, 0.19.0-beta2, 0.19.0-beta11, 0.19.0-beta10, 0.19.0-beta1, 0.18.13-beta4, 0.18.13-beta3, 0.18.13-beta2, 0.18.13-beta, 0.18.12, 0.18.12-beta, 0.18.11, 0.18.10, 0.18.10-beta1, 0.18.9, 0.18.9-beta8, 0.18.9-beta7, 0.18.9-beta6, 0.18.9-beta5, 0.18.9-beta4, 0.18.9-beta3, 0.18.9-beta2, 0.18.9-beta1, 0.18.8, 0.18.8-beta9, 0.18.8-beta8, 0.18.8-beta7, 0.18.8-beta6, 0.18.8-beta5, 0.18.8-beta4, 0.18.8-beta3, 0.18.8-beta2, 0.18.8-beta12, 0.18.8-beta11, 0.18.8-beta10, 0.18.8-beta, 0.18.7, 0.18.6, 0.18.5, 0.18.4, 0.18.3, 0.18.3-beta9, 0.18.3-beta8, 0.18.3-beta7, 0.18.3-beta6, 0.18.3-beta5, 0.18.3-beta4, 0.18.3-beta3, 0.18.3-beta2, 0.18.3-beta17, 0.18.3-beta16, 0.18.3-beta15, 0.18.3-beta14, 0.18.3-beta13, 0.18.3-beta12, 0.18.3-beta11, 0.18.3-beta10, 0.18.3-beta, 0.18.2, 0.18.1, 0.18.0, 0.18.0-alpha, 0.17.3, 0.17.2, 0.17.1, 0.17.0-alpha, 0.16.1-alpha4, 0.16.1-alpha3, 0.16.1-alpha2, 0.16.1-alpha, 0.16.0, 0.16.0-patch1, 0.16.0-beta2, 0.16.0-beta, 0.6.5, 0.6.4, 0.6.3, 0.6.2, 0.6.1, 0.6.0, 0.5.0, 0.4.1, 0.4.0, 0.3.0, 0.2.0, 0.1.0
61 verbose stack
61 verbose stack     at pickVersionFromRegistryDocument (/Users/natud/.nvm/versions/node/v6.9.1/lib/node_modules/npm/lib/fetch-package-metadata.js:178:16)
61 verbose stack     at /Users/natud/.nvm/versions/node/v6.9.1/lib/node_modules/npm/node_modules/iferr/index.js:13:50
61 verbose stack     at /Users/natud/.nvm/versions/node/v6.9.1/lib/node_modules/npm/lib/utils/pulse-till-done.js:20:8
61 verbose stack     at saved (/Users/natud/.nvm/versions/node/v6.9.1/lib/node_modules/npm/lib/cache/caching-client.js:174:7)
61 verbose stack     at /Users/natud/.nvm/versions/node/v6.9.1/lib/node_modules/npm/node_modules/graceful-fs/polyfills.js:233:18
61 verbose stack     at FSReqWrap.oncomplete (fs.js:123:15)
62 verbose cwd /Users/natud/Documents/personal-workspace/elm-practice/elm-intro/elm-0.19-workshop.git/trunk
63 error Darwin 17.5.0
64 error argv "/Users/natud/.nvm/versions/node/v6.9.1/bin/node" "/Users/natud/.nvm/versions/node/v6.9.1/bin/npm" "install" "-g" "elm" "elm-test@elm-0.19.0" "elm-format"
65 error node v6.9.1
66 error npm  v3.10.8
67 error code ETARGET
68 error notarget No compatible version found: elm-test@elm-0.19.0
68 error notarget Valid install targets:
68 error notarget 0.19.0-beta9, 0.19.0-beta8, 0.19.0-beta7, 0.19.0-beta6, 0.19.0-beta5, 0.19.0-beta4, 0.19.0-beta3, 0.19.0-beta2, 0.19.0-beta11, 0.19.0-beta10, 0.19.0-beta1, 0.18.13-beta4, 0.18.13-beta3, 0.18.13-beta2, 0.18.13-beta, 0.18.12, 0.18.12-beta, 0.18.11, 0.18.10, 0.18.10-beta1, 0.18.9, 0.18.9-beta8, 0.18.9-beta7, 0.18.9-beta6, 0.18.9-beta5, 0.18.9-beta4, 0.18.9-beta3, 0.18.9-beta2, 0.18.9-beta1, 0.18.8, 0.18.8-beta9, 0.18.8-beta8, 0.18.8-beta7, 0.18.8-beta6, 0.18.8-beta5, 0.18.8-beta4, 0.18.8-beta3, 0.18.8-beta2, 0.18.8-beta12, 0.18.8-beta11, 0.18.8-beta10, 0.18.8-beta, 0.18.7, 0.18.6, 0.18.5, 0.18.4, 0.18.3, 0.18.3-beta9, 0.18.3-beta8, 0.18.3-beta7, 0.18.3-beta6, 0.18.3-beta5, 0.18.3-beta4, 0.18.3-beta3, 0.18.3-beta2, 0.18.3-beta17, 0.18.3-beta16, 0.18.3-beta15, 0.18.3-beta14, 0.18.3-beta13, 0.18.3-beta12, 0.18.3-beta11, 0.18.3-beta10, 0.18.3-beta, 0.18.2, 0.18.1, 0.18.0, 0.18.0-alpha, 0.17.3, 0.17.2, 0.17.1, 0.17.0-alpha, 0.16.1-alpha4, 0.16.1-alpha3, 0.16.1-alpha2, 0.16.1-alpha, 0.16.0, 0.16.0-patch1, 0.16.0-beta2, 0.16.0-beta, 0.6.5, 0.6.4, 0.6.3, 0.6.2, 0.6.1, 0.6.0, 0.5.0, 0.4.1, 0.4.0, 0.3.0, 0.2.0, 0.1.0
69 error notarget This is most likely not a problem with npm itself.
69 error notarget In most cases you or one of your dependencies are requesting
69 error notarget a package version that doesn't exist.
70 verbose exit [ 1, true ]
